<?xml version="1.0" encoding="UTF-8"?>
<testsuite name="csvparser.WordCounterTest" tests="3" skipped="0" failures="0" errors="0" timestamp="2025-07-02T14:58:33" hostname="WIN-J304KLVAMMJ" time="0.003">
  <properties/>
  <testcase name="testProcessWithPunctuation()" classname="csvparser.WordCounterTest" time="0.001"/>
  <testcase name="testProcessSimpleText()" classname="csvparser.WordCounterTest" time="0.001"/>
  <testcase name="testProcessEmptyText()" classname="csvparser.WordCounterTest" time="0.0"/>
  <system-out><![CDATA[]]></system-out>
  <system-err><![CDATA[]]></system-err>
</testsuite>
